<?xml version="1.0" encoding="UTF-8" ?>
<testsuite tests="33" failures="0" name="mx.unam.ciencias.edd.test.TestArbolBinarioOrdenado" time="0.146" errors="0" skipped="0">
  <properties>
    <property name="java.runtime.name" value="OpenJDK Runtime Environment"/>
    <property name="java.vm.version" value="11.0.22+7"/>
    <property name="sun.boot.library.path" value="/usr/lib/jvm/java-11-openjdk/lib"/>
    <property name="maven.multiModuleProjectDirectory" value="/home/grauler/Documentos/GIT/practica3"/>
    <property name="java.vm.vendor" value="Oracle Corporation"/>
    <property name="java.vendor.url" value="https://openjdk.java.net/"/>
    <property name="guice.disable.misplaced.annotation.check" value="true"/>
    <property name="path.separator" value=":"/>
    <property name="java.vm.name" value="OpenJDK 64-Bit Server VM"/>
    <property name="sun.os.patch.level" value="unknown"/>
    <property name="user.country" value="MX"/>
    <property name="sun.java.launcher" value="SUN_STANDARD"/>
    <property name="java.vm.specification.name" value="Java Virtual Machine Specification"/>
    <property name="user.dir" value="/home/grauler/Documentos/GIT/practica3"/>
    <property name="java.vm.compressedOopsMode" value="32-bit"/>
    <property name="java.runtime.version" value="11.0.22+7"/>
    <property name="java.awt.graphicsenv" value="sun.awt.X11GraphicsEnvironment"/>
    <property name="os.arch" value="amd64"/>
    <property name="java.io.tmpdir" value="/tmp"/>
    <property name="line.separator" value="
"/>
    <property name="java.vm.specification.vendor" value="Oracle Corporation"/>
    <property name="os.name" value="Linux"/>
    <property name="classworlds.conf" value="/opt/maven/bin/m2.conf"/>
    <property name="sun.jnu.encoding" value="UTF-8"/>
    <property name="java.library.path" value="/usr/java/packages/lib:/usr/lib64:/lib64:/lib:/usr/lib"/>
    <property name="maven.conf" value="/opt/maven/conf"/>
    <property name="jdk.debug" value="release"/>
    <property name="java.class.version" value="55.0"/>
    <property name="java.specification.name" value="Java Platform API Specification"/>
    <property name="sun.management.compiler" value="HotSpot 64-Bit Tiered Compilers"/>
    <property name="os.version" value="6.8.1-arch1-1"/>
    <property name="library.jansi.path" value="/opt/maven/lib/jansi-native"/>
    <property name="user.home" value="/home/grauler"/>
    <property name="user.timezone" value="America/Mexico_City"/>
    <property name="java.awt.printerjob" value="sun.print.PSPrinterJob"/>
    <property name="file.encoding" value="UTF-8"/>
    <property name="java.specification.version" value="11"/>
    <property name="user.name" value="grauler"/>
    <property name="java.class.path" value="/opt/maven/boot/plexus-classworlds-2.6.0.jar"/>
    <property name="java.vm.specification.version" value="11"/>
    <property name="sun.arch.data.model" value="64"/>
    <property name="sun.java.command" value="org.codehaus.plexus.classworlds.launcher.Launcher test"/>
    <property name="java.home" value="/usr/lib/jvm/java-11-openjdk"/>
    <property name="user.language" value="es"/>
    <property name="java.specification.vendor" value="Oracle Corporation"/>
    <property name="awt.toolkit" value="sun.awt.X11.XToolkit"/>
    <property name="java.vm.info" value="mixed mode"/>
    <property name="java.version" value="11.0.22"/>
    <property name="java.vendor" value="Oracle Corporation"/>
    <property name="java.specification.maintenance.version" value="2"/>
    <property name="maven.home" value="/opt/maven"/>
    <property name="file.separator" value="/"/>
    <property name="java.version.date" value="2024-01-16"/>
    <property name="java.vendor.url.bug" value="https://bugreport.java.com/bugreport/"/>
    <property name="sun.io.unicode.encoding" value="UnicodeLittle"/>
    <property name="sun.cpu.endian" value="little"/>
    <property name="sun.cpu.isalist" value=""/>
  </properties>
  <testcase classname="mx.unam.ciencias.edd.test.TestArbolBinarioOrdenado" name="testElimina" time="0.015"/>
  <testcase classname="mx.unam.ciencias.edd.test.TestArbolBinarioOrdenado" name="testEsVacio" time="0.009"/>
  <testcase classname="mx.unam.ciencias.edd.test.TestArbolBinarioOrdenado" name="testIteradorHasNext" time="0.023"/>
  <testcase classname="mx.unam.ciencias.edd.test.TestArbolBinarioOrdenado" name="testDfsPreOrder" time="0.018"/>
  <testcase classname="mx.unam.ciencias.edd.test.TestArbolBinarioOrdenado" name="testBusca" time="0.003"/>
  <testcase classname="mx.unam.ciencias.edd.test.TestArbolBinarioOrdenado" name="testVerticeAltura" time="0.004"/>
  <testcase classname="mx.unam.ciencias.edd.test.TestArbolBinarioOrdenado" name="testRaiz" time="0.003"/>
  <testcase classname="mx.unam.ciencias.edd.test.TestArbolBinarioOrdenado" name="testToString" time="0.014"/>
  <testcase classname="mx.unam.ciencias.edd.test.TestArbolBinarioOrdenado" name="testVerticeEquals" time="0.002"/>
  <testcase classname="mx.unam.ciencias.edd.test.TestArbolBinarioOrdenado" name="testVerticeToString" time="0.001"/>
  <testcase classname="mx.unam.ciencias.edd.test.TestArbolBinarioOrdenado" name="testDfsInOrder" time="0.008"/>
  <testcase classname="mx.unam.ciencias.edd.test.TestArbolBinarioOrdenado" name="testVerticeGet" time="0.004"/>
  <testcase classname="mx.unam.ciencias.edd.test.TestArbolBinarioOrdenado" name="testVerticeIzquierdo" time="0"/>
  <testcase classname="mx.unam.ciencias.edd.test.TestArbolBinarioOrdenado" name="testGetUltimoVerticeAgregado" time="0.004"/>
  <testcase classname="mx.unam.ciencias.edd.test.TestArbolBinarioOrdenado" name="testVerticeProfundidad" time="0"/>
  <testcase classname="mx.unam.ciencias.edd.test.TestArbolBinarioOrdenado" name="testContiene" time="0.002"/>
  <testcase classname="mx.unam.ciencias.edd.test.TestArbolBinarioOrdenado" name="testIteradorNext" time="0.002"/>
  <testcase classname="mx.unam.ciencias.edd.test.TestArbolBinarioOrdenado" name="testVerticeDerecho" time="0.001"/>
  <testcase classname="mx.unam.ciencias.edd.test.TestArbolBinarioOrdenado" name="testGiraDerecha" time="0.001"/>
  <testcase classname="mx.unam.ciencias.edd.test.TestArbolBinarioOrdenado" name="testGetElementos" time="0.003"/>
  <testcase classname="mx.unam.ciencias.edd.test.TestArbolBinarioOrdenado" name="testDfsPostOrder" time="0.004"/>
  <testcase classname="mx.unam.ciencias.edd.test.TestArbolBinarioOrdenado" name="testVerticePadre" time="0"/>
  <testcase classname="mx.unam.ciencias.edd.test.TestArbolBinarioOrdenado" name="testAgrega" time="0.002"/>
  <testcase classname="mx.unam.ciencias.edd.test.TestArbolBinarioOrdenado" name="testAltura" time="0.005"/>
  <testcase classname="mx.unam.ciencias.edd.test.TestArbolBinarioOrdenado" name="testVerticeHayDerecho" time="0.004"/>
  <testcase classname="mx.unam.ciencias.edd.test.TestArbolBinarioOrdenado" name="testEquals" time="0.003"/>
  <testcase classname="mx.unam.ciencias.edd.test.TestArbolBinarioOrdenado" name="testVerticeHayPadre" time="0.004"/>
  <testcase classname="mx.unam.ciencias.edd.test.TestArbolBinarioOrdenado" name="testLimpia" time="0"/>
  <testcase classname="mx.unam.ciencias.edd.test.TestArbolBinarioOrdenado" name="testGiraIzquierda" time="0.001"/>
  <testcase classname="mx.unam.ciencias.edd.test.TestArbolBinarioOrdenado" name="testVerticeHayIzquierdo" time="0.003"/>
  <testcase classname="mx.unam.ciencias.edd.test.TestArbolBinarioOrdenado" name="testIterator" time="0"/>
  <testcase classname="mx.unam.ciencias.edd.test.TestArbolBinarioOrdenado" name="testConstructorColeccion" time="0.003"/>
  <testcase classname="mx.unam.ciencias.edd.test.TestArbolBinarioOrdenado" name="testConstructor" time="0"/>
</testsuite>